<?xml version="1.0" encoding="UTF-8"?>
<!-- Generated by org.testng.reporters.JUnitReportReporter -->
<testsuite hostname="DIPU-PIHU" failures="0" tests="2" name="com.example.devops.demo.devops.secondTest" time="0.021" errors="0" timestamp="2024-12-22T20:34:09 IST" skipped="0">
  <testcase classname="com.example.devops.demo.devops.secondTest" name="sampleThree" time="0.015"/>
  <testcase classname="com.example.devops.demo.devops.secondTest" name="sampleTwo" time="0.006"/>
</testsuite> <!-- com.example.devops.demo.devops.secondTest -->
