<?xml version="1.0" encoding="UTF-8"?>
<!-- Generated by org.testng.reporters.JUnitReportReporter -->
<testsuite hostname="DIPU-PIHU" failures="0" tests="1" name="com.example.devops.demo.devops.ApplicationTests" time="0.003" errors="0" timestamp="2024-12-22T20:34:09 IST" skipped="0">
  <testcase classname="com.example.devops.demo.devops.ApplicationTests" name="contextLoads" time="0.003"/>
</testsuite> <!-- com.example.devops.demo.devops.ApplicationTests -->
